<?xml version="1.0" encoding="UTF-8"?>
<!-- Generated by org.testng.reporters.JUnitReportReporter -->
<testsuite skipped="0" hostname="DESKTOP-SQ6FNHF" name="harish.Sample_1" tests="1" failures="0" timestamp="06 Nov 2019 14:46:50 GMT" time="7.367" errors="0">
  <testcase name="sample" time="7.367" classname="harish.Sample_1"/>
</testsuite> <!-- harish.Sample_1 -->
