<?xml version="1.0" encoding="UTF-8"?>
<!-- Generated by org.testng.reporters.JUnitReportReporter -->
<testsuite skipped="0" hostname="DESKTOP-SQ6FNHF" name="harish.Get_2" tests="1" failures="0" timestamp="06 Nov 2019 15:54:56 GMT" time="2.700" errors="0">
  <testcase name="sample" time="2.700" classname="harish.Get_2"/>
</testsuite> <!-- harish.Get_2 -->
