<?xml version="1.0" encoding="UTF-8"?>
<!-- Generated by org.testng.reporters.JUnitReportReporter -->
<testsuite skipped="0" hostname="DESKTOP-SQ6FNHF" name="harish.Put_Request" tests="1" failures="0" timestamp="06 Nov 2019 15:44:50 GMT" time="2.497" errors="0">
  <testcase name="sample" time="2.497" classname="harish.Put_Request"/>
</testsuite> <!-- harish.Put_Request -->
