<?xml version="1.0" encoding="UTF-8"?>
<!-- Generated by org.testng.reporters.JUnitReportReporter -->
<testsuite hostname="Ranjitha-PC" name="testcases.TS002" tests="4" failures="0" timestamp="13 Oct 2019 14:49:32 GMT" time="0.038" errors="0">
  <testcase name="getData" time="0.003" classname="testcases.TS002"/>
  <testcase name="getData" time="0.032" classname="testcases.TS002"/>
  <testcase name="getData" time="0.002" classname="testcases.TS002"/>
  <testcase name="getData" time="0.001" classname="testcases.TS002"/>
</testsuite> <!-- testcases.TS002 -->
