<?xml version="1.0" encoding="UTF-8"?>
<!-- Generated by org.testng.reporters.JUnitReportReporter -->
<testsuite hostname="DESKTOP-SQ6FNHF" name="anusha_restassured.Get_P" tests="1" failures="0" timestamp="1 May 2020 10:53:39 GMT" time="6.512" errors="0">
  <testcase name="get_p" time="6.512" classname="anusha_restassured.Get_P"/>
</testsuite> <!-- anusha_restassured.Get_P -->
