<?xml version="1.0" encoding="UTF-8"?>
<!-- Generated by org.testng.reporters.JUnitReportReporter -->
<testsuite skipped="0" hostname="DESKTOP-SQ6FNHF" name="harish.Get_Request" tests="1" failures="0" timestamp="06 Nov 2019 15:31:39 GMT" time="2.985" errors="0">
  <testcase name="sample" time="2.985" classname="harish.Get_Request"/>
</testsuite> <!-- harish.Get_Request -->
