<?xml version="1.0" encoding="UTF-8"?>
<!-- Generated by org.testng.reporters.JUnitReportReporter -->
<testsuite skipped="0" hostname="DESKTOP-SQ6FNHF" name="harish.Get_Request" tests="1" failures="0" timestamp="14 Jul 2020 14:21:05 GMT" time="4.659" errors="0">
  <testcase name="sample" time="4.659" classname="harish.Get_Request"/>
</testsuite> <!-- harish.Get_Request -->
